3/11/2021, 4:37:25 PM - INFO - Server is running on port: 3031 | 15 | popo 
3/11/2021, 5:10:10 PM - INFO - Server is running on port: 3031 | 15 | popo 
3/11/2021, 5:16:14 PM - INFO - Server is running on port: 3031 | 15 | popo 
3/11/2021, 5:20:20 PM - INFO - Server is running on port: 3031 | 15 | popo 
3/11/2021, 5:20:57 PM - INFO - Server is running on port: 3031 | 15 | popo 
3/11/2021, 5:29:06 PM - INFO - Server is running on port: 3031 | 15 | popo 
3/11/2021, 5:31:26 PM - INFO - Server is running on port: 3031 | 15 | popo 
3/11/2021, 5:31:52 PM - INFO - Server is running on port: 3031 | 15 | popo 
3/11/2021, 5:33:10 PM - INFO - Server is running on port: 3031 | 15 | popo 
3/11/2021, 5:33:55 PM - ERROR - Failed to get toys | {} (sid: S3KGXmcaKpsvkRR4Fdke40BAMKPs0Y7N)
3/11/2021, 5:34:39 PM - INFO - Server is running on port: 3031 | 15 | popo 
3/11/2021, 5:35:47 PM - INFO - Server is running on port: 3031 | 15 | popo 
3/11/2021, 5:36:21 PM - INFO - Server is running on port: 3031 | 15 | popo 
3/11/2021, 5:36:26 PM - INFO - Server is running on port: 3031 | 15 | popo 
3/11/2021, 5:38:55 PM - INFO - Server is running on port: 3031 | 15 | popo 
3/11/2021, 5:40:21 PM - INFO - Server is running on port: 3031 | 15 | popo 
3/11/2021, 5:40:36 PM - INFO - Server is running on port: 3031 | 15 | popo 
3/11/2021, 5:46:13 PM - INFO - Server is running on port: 3031 | 15 | popo 
3/11/2021, 6:39:14 PM - INFO - Server is running on port: 3031 | 15 | popo 
3/11/2021, 6:39:58 PM - INFO - Server is running on port: 3031 | 15 | popo 
3/11/2021, 6:41:16 PM - INFO - Server is running on port: 3031 | 15 | popo 
3/11/2021, 6:42:46 PM - INFO - Server is running on port: 3031 | 15 | popo 
3/11/2021, 6:42:58 PM - INFO - Server is running on port: 3031 | 15 | popo 
3/11/2021, 6:46:58 PM - INFO - Server is running on port: 3031 | 15 | popo 
3/11/2021, 6:47:37 PM - INFO - Server is running on port: 3031 | 15 | popo 
3/11/2021, 6:47:47 PM - INFO - Server is running on port: 3031 | 15 | popo 
3/11/2021, 6:47:50 PM - ERROR - Failed to get toys | {} (sid: B31Op9V99konITQ-PvswatMpI6kKq9GI)
3/11/2021, 6:48:20 PM - INFO - Server is running on port: 3031 | 15 | popo 
3/11/2021, 7:18:18 PM - INFO - Server is running on port: 3031 | 15 | popo 
3/11/2021, 7:18:25 PM - INFO - Server is running on port: 3031 | 15 | popo 
3/11/2021, 7:18:35 PM - INFO - Server is running on port: 3031 | 15 | popo 
3/11/2021, 7:19:13 PM - ERROR - Failed to delete toy | {} (sid: 9b24duAtRka2Sz0xHuJCJMCSwNQnpee9)
3/11/2021, 7:20:01 PM - INFO - Server is running on port: 3031 | 15 | popo 
3/11/2021, 7:20:34 PM - INFO - Server is running on port: 3031 | 15 | popo 
3/11/2021, 7:20:45 PM - ERROR - Failed to delete toy | {} (sid: ZGypbGx6ZdjaAMJ-QyzPY3J9s98YhXd5)
3/11/2021, 7:20:58 PM - ERROR - Failed to delete toy | {} (sid: ZGypbGx6ZdjaAMJ-QyzPY3J9s98YhXd5)
3/11/2021, 7:21:20 PM - INFO - Server is running on port: 3031 | 15 | popo 
3/11/2021, 7:21:33 PM - INFO - Server is running on port: 3031 | 15 | popo 
3/11/2021, 7:22:56 PM - INFO - Server is running on port: 3031 | 15 | popo 
3/11/2021, 7:23:04 PM - INFO - Server is running on port: 3031 | 15 | popo 
3/11/2021, 7:23:49 PM - INFO - Server is running on port: 3031 | 15 | popo 
3/11/2021, 7:24:48 PM - INFO - Server is running on port: 3031 | 15 | popo 
3/11/2021, 7:25:11 PM - INFO - Server is running on port: 3031 | 15 | popo 
3/11/2021, 7:26:23 PM - INFO - Server is running on port: 3031 | 15 | popo 
3/11/2021, 7:26:27 PM - INFO - Server is running on port: 3031 | 15 | popo 
3/11/2021, 7:30:35 PM - INFO - Server is running on port: 3031 | 15 | popo 
3/11/2021, 7:31:04 PM - INFO - Server is running on port: 3031 | 15 | popo 
3/11/2021, 7:31:23 PM - INFO - Server is running on port: 3031 | 15 | popo 
3/11/2021, 7:32:13 PM - INFO - Server is running on port: 3031 | 15 | popo 
3/11/2021, 7:32:33 PM - INFO - Server is running on port: 3031 | 15 | popo 
3/11/2021, 7:32:39 PM - ERROR - Failed to delete toy | {} (sid: l7GCHe4k9py3KANcWMUckRYT5dV7_vIy)
3/11/2021, 7:32:40 PM - ERROR - Failed to delete toy | {} (sid: l7GCHe4k9py3KANcWMUckRYT5dV7_vIy)
3/11/2021, 7:32:40 PM - ERROR - Failed to delete toy | {} (sid: l7GCHe4k9py3KANcWMUckRYT5dV7_vIy)
3/11/2021, 7:32:41 PM - ERROR - Failed to delete toy | {} (sid: l7GCHe4k9py3KANcWMUckRYT5dV7_vIy)
3/11/2021, 7:32:41 PM - ERROR - Failed to delete toy | {} (sid: l7GCHe4k9py3KANcWMUckRYT5dV7_vIy)
3/11/2021, 7:32:42 PM - ERROR - Failed to delete toy | {} (sid: l7GCHe4k9py3KANcWMUckRYT5dV7_vIy)
3/11/2021, 7:32:42 PM - ERROR - Failed to delete toy | {} (sid: l7GCHe4k9py3KANcWMUckRYT5dV7_vIy)
3/11/2021, 7:32:42 PM - ERROR - Failed to delete toy | {} (sid: l7GCHe4k9py3KANcWMUckRYT5dV7_vIy)
3/11/2021, 7:32:42 PM - ERROR - Failed to delete toy | {} (sid: l7GCHe4k9py3KANcWMUckRYT5dV7_vIy)
3/11/2021, 7:33:08 PM - INFO - Server is running on port: 3031 | 15 | popo 
3/11/2021, 7:33:17 PM - ERROR - Failed to delete toy | {} (sid: Mm9pLDvFMNjx3S70Y-w2OU4yFQBmavvU)
3/11/2021, 7:33:22 PM - ERROR - Failed to delete toy | {} (sid: Mm9pLDvFMNjx3S70Y-w2OU4yFQBmavvU)
3/11/2021, 7:33:23 PM - ERROR - Failed to delete toy | {} (sid: Mm9pLDvFMNjx3S70Y-w2OU4yFQBmavvU)
3/11/2021, 7:33:26 PM - ERROR - Failed to delete toy | {} (sid: Mm9pLDvFMNjx3S70Y-w2OU4yFQBmavvU)
3/11/2021, 7:33:27 PM - ERROR - Failed to delete toy | {} (sid: Mm9pLDvFMNjx3S70Y-w2OU4yFQBmavvU)
3/11/2021, 7:33:29 PM - ERROR - Failed to delete toy | {} (sid: Mm9pLDvFMNjx3S70Y-w2OU4yFQBmavvU)
3/11/2021, 7:33:30 PM - ERROR - Failed to delete toy | {} (sid: Mm9pLDvFMNjx3S70Y-w2OU4yFQBmavvU)
3/11/2021, 7:34:33 PM - INFO - Server is running on port: 3031 | 15 | popo 
3/11/2021, 7:34:47 PM - INFO - Server is running on port: 3031 | 15 | popo 
3/11/2021, 7:34:55 PM - ERROR - Failed to delete toy | {} (sid: HNyYqNyAfDmwTbqxZiTH6lYYSYPZfhVb)
3/11/2021, 7:35:01 PM - ERROR - Failed to get toy | {} (sid: HNyYqNyAfDmwTbqxZiTH6lYYSYPZfhVb)
3/11/2021, 7:35:19 PM - ERROR - Failed to get toy | {} (sid: HNyYqNyAfDmwTbqxZiTH6lYYSYPZfhVb)
3/11/2021, 7:35:32 PM - ERROR - Failed to delete toy | {} (sid: HNyYqNyAfDmwTbqxZiTH6lYYSYPZfhVb)
3/11/2021, 7:35:33 PM - ERROR - Failed to delete toy | {} (sid: HNyYqNyAfDmwTbqxZiTH6lYYSYPZfhVb)
3/11/2021, 7:35:33 PM - ERROR - Failed to delete toy | {} (sid: HNyYqNyAfDmwTbqxZiTH6lYYSYPZfhVb)
3/11/2021, 7:35:34 PM - ERROR - Failed to delete toy | {} (sid: HNyYqNyAfDmwTbqxZiTH6lYYSYPZfhVb)
3/11/2021, 7:36:07 PM - ERROR - Failed to delete toy | {} (sid: HNyYqNyAfDmwTbqxZiTH6lYYSYPZfhVb)
3/11/2021, 7:36:07 PM - ERROR - Failed to delete toy | {} (sid: HNyYqNyAfDmwTbqxZiTH6lYYSYPZfhVb)
3/11/2021, 7:36:08 PM - ERROR - Failed to delete toy | {} (sid: HNyYqNyAfDmwTbqxZiTH6lYYSYPZfhVb)
3/11/2021, 7:36:08 PM - ERROR - Failed to delete toy | {} (sid: HNyYqNyAfDmwTbqxZiTH6lYYSYPZfhVb)
3/11/2021, 7:36:08 PM - ERROR - Failed to delete toy | {} (sid: HNyYqNyAfDmwTbqxZiTH6lYYSYPZfhVb)
3/11/2021, 7:36:08 PM - ERROR - Failed to delete toy | {} (sid: HNyYqNyAfDmwTbqxZiTH6lYYSYPZfhVb)
3/11/2021, 7:36:09 PM - ERROR - Failed to delete toy | {} (sid: HNyYqNyAfDmwTbqxZiTH6lYYSYPZfhVb)
3/11/2021, 7:36:09 PM - ERROR - Failed to delete toy | {} (sid: HNyYqNyAfDmwTbqxZiTH6lYYSYPZfhVb)
3/11/2021, 7:36:09 PM - ERROR - Failed to delete toy | {} (sid: HNyYqNyAfDmwTbqxZiTH6lYYSYPZfhVb)
3/11/2021, 7:36:10 PM - ERROR - Failed to delete toy | {} (sid: HNyYqNyAfDmwTbqxZiTH6lYYSYPZfhVb)
3/11/2021, 7:36:10 PM - ERROR - Failed to delete toy | {} (sid: HNyYqNyAfDmwTbqxZiTH6lYYSYPZfhVb)
3/11/2021, 7:36:11 PM - ERROR - Failed to delete toy | {} (sid: HNyYqNyAfDmwTbqxZiTH6lYYSYPZfhVb)
3/11/2021, 7:36:12 PM - ERROR - Failed to delete toy | {} (sid: HNyYqNyAfDmwTbqxZiTH6lYYSYPZfhVb)
3/11/2021, 7:36:12 PM - ERROR - Failed to delete toy | {} (sid: HNyYqNyAfDmwTbqxZiTH6lYYSYPZfhVb)
3/11/2021, 7:36:12 PM - ERROR - Failed to delete toy | {} (sid: HNyYqNyAfDmwTbqxZiTH6lYYSYPZfhVb)
3/11/2021, 7:36:12 PM - ERROR - Failed to delete toy | {} (sid: HNyYqNyAfDmwTbqxZiTH6lYYSYPZfhVb)
3/11/2021, 7:36:12 PM - ERROR - Failed to delete toy | {} (sid: HNyYqNyAfDmwTbqxZiTH6lYYSYPZfhVb)
3/11/2021, 7:36:12 PM - ERROR - Failed to delete toy | {} (sid: HNyYqNyAfDmwTbqxZiTH6lYYSYPZfhVb)
3/11/2021, 7:36:13 PM - ERROR - Failed to delete toy | {} (sid: HNyYqNyAfDmwTbqxZiTH6lYYSYPZfhVb)
3/11/2021, 7:36:13 PM - ERROR - Failed to delete toy | {} (sid: HNyYqNyAfDmwTbqxZiTH6lYYSYPZfhVb)
3/11/2021, 7:36:13 PM - ERROR - Failed to delete toy | {} (sid: HNyYqNyAfDmwTbqxZiTH6lYYSYPZfhVb)
3/11/2021, 7:36:13 PM - ERROR - Failed to delete toy | {} (sid: HNyYqNyAfDmwTbqxZiTH6lYYSYPZfhVb)
3/11/2021, 7:36:13 PM - ERROR - Failed to delete toy | {} (sid: HNyYqNyAfDmwTbqxZiTH6lYYSYPZfhVb)
3/11/2021, 7:36:14 PM - ERROR - Failed to delete toy | {} (sid: HNyYqNyAfDmwTbqxZiTH6lYYSYPZfhVb)
3/11/2021, 7:45:02 PM - ERROR - Failed to delete toy | {} (sid: HNyYqNyAfDmwTbqxZiTH6lYYSYPZfhVb)
3/11/2021, 7:49:20 PM - INFO - Server is running on port: 3031 | 15 | popo 
3/11/2021, 7:49:25 PM - ERROR - Failed to delete toy | {} (sid: Z7H8hTXUJ68ey6ynXor4xP-S7hOEfjcG)
3/11/2021, 7:50:52 PM - INFO - Server is running on port: 3031 | 15 | popo 
3/11/2021, 7:51:02 PM - INFO - Server is running on port: 3031 | 15 | popo 
3/11/2021, 7:56:59 PM - ERROR - Failed to delete toy | {} (sid: ff1FleAzLjpNW_YEF8OCFqkYqjuKNDgH)
3/11/2021, 7:57:19 PM - ERROR - Failed to get toy | {} (sid: ff1FleAzLjpNW_YEF8OCFqkYqjuKNDgH)
3/11/2021, 9:07:12 PM - INFO - Server is running on port: 3031 | 15 | popo 
3/11/2021, 9:07:36 PM - ERROR - Failed to delete toy | {} (sid: 4cB-dkLVTMJ3YsRhuua9IhTwXx1x8TVV)
3/11/2021, 9:07:40 PM - ERROR - Failed to get toy | {} (sid: 4cB-dkLVTMJ3YsRhuua9IhTwXx1x8TVV)
3/11/2021, 9:08:34 PM - ERROR - Failed to get toy | {} (sid: 4cB-dkLVTMJ3YsRhuua9IhTwXx1x8TVV)
3/11/2021, 9:08:54 PM - ERROR - Failed to get toy | {} (sid: 4cB-dkLVTMJ3YsRhuua9IhTwXx1x8TVV)
3/11/2021, 9:09:05 PM - ERROR - Failed to get toy | {} (sid: 4cB-dkLVTMJ3YsRhuua9IhTwXx1x8TVV)
3/11/2021, 9:10:36 PM - ERROR - Failed to get toy | {} (sid: 4cB-dkLVTMJ3YsRhuua9IhTwXx1x8TVV)
3/11/2021, 9:10:39 PM - ERROR - Failed to delete toy | {} (sid: 4cB-dkLVTMJ3YsRhuua9IhTwXx1x8TVV)
3/11/2021, 9:11:09 PM - ERROR - Failed to delete toy | {} (sid: 4cB-dkLVTMJ3YsRhuua9IhTwXx1x8TVV)
3/11/2021, 9:11:37 PM - ERROR - Failed to delete toy | {} (sid: 4cB-dkLVTMJ3YsRhuua9IhTwXx1x8TVV)
3/11/2021, 9:12:08 PM - ERROR - Failed to delete toy | {} (sid: 4cB-dkLVTMJ3YsRhuua9IhTwXx1x8TVV)
3/11/2021, 9:12:53 PM - ERROR - Failed to delete toy | {} (sid: 4cB-dkLVTMJ3YsRhuua9IhTwXx1x8TVV)
3/11/2021, 9:13:22 PM - ERROR - Failed to delete toy | {} (sid: 4cB-dkLVTMJ3YsRhuua9IhTwXx1x8TVV)
3/11/2021, 9:13:46 PM - ERROR - Failed to delete toy | {} (sid: 4cB-dkLVTMJ3YsRhuua9IhTwXx1x8TVV)
3/11/2021, 9:13:49 PM - ERROR - Failed to delete toy | {} (sid: 4cB-dkLVTMJ3YsRhuua9IhTwXx1x8TVV)
3/11/2021, 9:14:42 PM - INFO - Server is running on port: 3031 | 15 | popo 
3/11/2021, 9:14:46 PM - ERROR - Failed to delete toy | {} (sid: sr56481bw4IwH0948l1E_UQnswrO3_pT)
3/11/2021, 9:15:03 PM - INFO - Server is running on port: 3031 | 15 | popo 
3/11/2021, 9:15:05 PM - ERROR - Failed to delete toy | {} (sid: Usa6oRCAg8bXJFkMJbKXIjhJk4h4Kqe-)
3/11/2021, 9:17:46 PM - INFO - Server is running on port: 3031 | 15 | popo 
3/11/2021, 9:17:50 PM - ERROR - Failed to delete toy | {} (sid: 3SI6MTm-mZ5vtxbIQ6W9FTi-v_1rG4dk)
3/11/2021, 9:18:38 PM - INFO - Server is running on port: 3031 | 15 | popo 
3/11/2021, 9:19:22 PM - INFO - Server is running on port: 3031 | 15 | popo 
3/11/2021, 9:19:26 PM - ERROR - Failed to delete toy | {} (sid: NtNSnrCH_ssSlgIqAv0RcvKGOKZ9bS1_)
3/11/2021, 9:23:30 PM - INFO - Server is running on port: 3031 | 15 | popo 
3/11/2021, 9:24:10 PM - ERROR - Failed to delete toy | {} (sid: 0BcAe-yXSEOrpc13ptduZ6qvEetsAeHh)
3/11/2021, 9:24:56 PM - INFO - Server is running on port: 3031 | 15 | popo 
3/11/2021, 9:24:58 PM - ERROR - Failed to delete toy | {} (sid: GZcz-8EITM66AVx4L1FVA30I8La_4baQ)
3/11/2021, 9:25:30 PM - INFO - Server is running on port: 3031 | 15 | popo 
3/11/2021, 9:25:32 PM - ERROR - Failed to delete toy | {} (sid: rGEvQMtLzqa3BTqX5BbTklUkc6e-V4d_)
3/11/2021, 9:25:35 PM - ERROR - Failed to delete toy | {} (sid: rGEvQMtLzqa3BTqX5BbTklUkc6e-V4d_)
3/11/2021, 9:26:23 PM - INFO - Server is running on port: 3031 | 15 | popo 
3/11/2021, 9:26:27 PM - ERROR - Failed to delete toy | {} (sid: FlaPDhobv6QFq0TqaT61IhlA9oaAbZRm)
3/12/2021, 2:06:15 PM - ERROR - Failed to delete toy | {} (sid: FlaPDhobv6QFq0TqaT61IhlA9oaAbZRm)
3/12/2021, 2:07:49 PM - INFO - Server is running on port: 3031 | 15 | popo 
3/12/2021, 2:08:26 PM - INFO - Server is running on port: 3031 | 15 | popo 
3/12/2021, 2:08:35 PM - ERROR - Failed to delete toy | {} (sid: l1T2FxxyVsg-DV_A5gKC4_LcHWeikElX)
3/12/2021, 2:09:04 PM - INFO - Server is running on port: 3031 | 15 | popo 
3/12/2021, 2:10:08 PM - INFO - Server is running on port: 3031 | 15 | popo 
3/12/2021, 2:10:11 PM - INFO - Server is running on port: 3031 | 15 | popo 
3/12/2021, 2:10:13 PM - INFO - Server is running on port: 3031 | 15 | popo 
3/12/2021, 2:10:23 PM - INFO - Server is running on port: 3031 | 15 | popo 
3/12/2021, 2:15:10 PM - INFO - Server is running on port: 3031 | 15 | popo 
3/12/2021, 2:20:39 PM - INFO - Server is running on port: 3031 | 15 | popo 
3/12/2021, 2:20:47 PM - INFO - Server is running on port: 3031 | 15 | popo 
3/12/2021, 2:20:54 PM - INFO - Server is running on port: 3031 | 15 | popo 
3/12/2021, 2:21:03 PM - INFO - Server is running on port: 3031 | 15 | popo 
3/12/2021, 2:21:15 PM - INFO - Server is running on port: 3031 | 15 | popo 
3/12/2021, 2:21:25 PM - INFO - Server is running on port: 3031 | 15 | popo 
3/12/2021, 2:23:48 PM - INFO - Server is running on port: 3031 | 15 | popo 
3/12/2021, 2:24:00 PM - INFO - Server is running on port: 3031 | 15 | popo 
3/12/2021, 2:25:08 PM - INFO - Server is running on port: 3031 | 15 | popo 
3/12/2021, 2:25:18 PM - INFO - Server is running on port: 3031 | 15 | popo 
3/12/2021, 2:32:20 PM - INFO - Server is running on port: 3031 | 15 | popo 
3/12/2021, 2:36:06 PM - INFO - Server is running on port: 3031 | 15 | popo 
3/12/2021, 2:36:29 PM - INFO - Server is running on port: 3031 | 15 | popo 
3/12/2021, 2:39:33 PM - INFO - Server is running on port: 3031 | 15 | popo 
3/12/2021, 2:40:32 PM - INFO - Server is running on port: 3031 | 15 | popo 
3/12/2021, 2:41:12 PM - INFO - Server is running on port: 3031 | 15 | popo 
3/12/2021, 2:42:11 PM - INFO - Server is running on port: 3031 | 15 | popo 
3/12/2021, 2:42:43 PM - INFO - Server is running on port: 3031 | 15 | popo 
3/12/2021, 2:42:53 PM - INFO - Server is running on port: 3031 | 15 | popo 
3/12/2021, 2:42:59 PM - INFO - Server is running on port: 3031 | 15 | popo 
3/12/2021, 2:43:05 PM - INFO - Server is running on port: 3031 | 15 | popo 
3/12/2021, 2:43:56 PM - INFO - Server is running on port: 3031 | 15 | popo 
3/12/2021, 2:45:18 PM - INFO - Server is running on port: 3031 | 15 | popo 
3/12/2021, 2:45:28 PM - INFO - Server is running on port: 3031 | 15 | popo 
3/12/2021, 2:45:48 PM - INFO - Server is running on port: 3031 | 15 | popo 
3/12/2021, 2:45:50 PM - ERROR - Failed to get toy | {} (sid: mMp9Xu8E8UNKCt1D3mZtdyWY2B0Ib23O)
3/12/2021, 2:45:56 PM - ERROR - Failed to delete toy | {} (sid: 99J9-i7V6N8xPDKrTbHQ-QorPlY4UoRN)
3/12/2021, 2:46:02 PM - ERROR - Failed to delete toy | {} (sid: 99J9-i7V6N8xPDKrTbHQ-QorPlY4UoRN)
3/12/2021, 2:46:03 PM - ERROR - Failed to get toy | {} (sid: 99J9-i7V6N8xPDKrTbHQ-QorPlY4UoRN)
3/12/2021, 2:46:12 PM - ERROR - Failed to get toy | {} (sid: 99J9-i7V6N8xPDKrTbHQ-QorPlY4UoRN)
3/12/2021, 2:47:29 PM - ERROR - Failed to delete toy | {} (sid: 99J9-i7V6N8xPDKrTbHQ-QorPlY4UoRN)
3/12/2021, 2:47:32 PM - ERROR - Failed to get toy | {} (sid: 99J9-i7V6N8xPDKrTbHQ-QorPlY4UoRN)
3/12/2021, 2:47:35 PM - ERROR - Failed to get toy | {} (sid: 99J9-i7V6N8xPDKrTbHQ-QorPlY4UoRN)
3/12/2021, 2:47:54 PM - ERROR - Failed to delete toy | {} (sid: 99J9-i7V6N8xPDKrTbHQ-QorPlY4UoRN)
3/12/2021, 2:48:32 PM - INFO - Server is running on port: 3031 | 15 | popo 
3/12/2021, 2:48:54 PM - INFO - Server is running on port: 3031 | 15 | popo 
3/12/2021, 2:48:57 PM - ERROR - Failed to delete toy | {} (sid: 1m0UpE0xGrP2baS1YtrquI4_MWuO9pPQ)
3/12/2021, 2:49:24 PM - INFO - Server is running on port: 3031 | 15 | popo 
3/12/2021, 2:49:55 PM - INFO - Server is running on port: 3031 | 15 | popo 
3/12/2021, 2:49:57 PM - ERROR - Failed to delete toy | {} (sid: _YA0CJ79OhfSl3Pl-iS0lhU2kce62aiX)
3/12/2021, 2:50:05 PM - ERROR - Failed to delete toy | {} (sid: _YA0CJ79OhfSl3Pl-iS0lhU2kce62aiX)
3/12/2021, 2:50:38 PM - INFO - Server is running on port: 3031 | 15 | popo 
3/12/2021, 2:50:41 PM - ERROR - Failed to delete toy | {} (sid: 27dYppbG5XmMb3EdExaZPeCw9lmAkNc-)
3/12/2021, 2:51:10 PM - INFO - Server is running on port: 3031 | 15 | popo 
3/12/2021, 2:51:13 PM - ERROR - Failed to delete toy | {} (sid: CfUKxOCdF_dPMArpcynflnHae76w40DF)
3/12/2021, 2:53:13 PM - INFO - Server is running on port: 3031 | 15 | popo 
3/12/2021, 2:59:56 PM - ERROR - Failed to delete toy | {} (sid: L1oiRRSBa7j-D0hU2cDVzOvAg03oSA_P)
3/12/2021, 3:29:41 PM - ERROR - Failed to get toy | {} (sid: L1oiRRSBa7j-D0hU2cDVzOvAg03oSA_P)
3/12/2021, 3:55:19 PM - ERROR - Failed to delete toy | {} (sid: L1oiRRSBa7j-D0hU2cDVzOvAg03oSA_P)
3/12/2021, 9:54:47 PM - INFO - Server is running on port: 3031 | 15 | popo 
3/12/2021, 10:43:08 PM - ERROR - Failed to delete toy | {} (sid: hy5GWFR9tmaDA38rkJ9rUJNvV3VhyKWV)
3/12/2021, 10:43:12 PM - ERROR - Failed to get toy | {} (sid: hy5GWFR9tmaDA38rkJ9rUJNvV3VhyKWV)
3/12/2021, 10:43:42 PM - ERROR - Failed to get toy | {} (sid: hy5GWFR9tmaDA38rkJ9rUJNvV3VhyKWV)
3/12/2021, 10:47:50 PM - ERROR - Failed to get toy | {} (sid: hy5GWFR9tmaDA38rkJ9rUJNvV3VhyKWV)
3/12/2021, 10:47:54 PM - ERROR - Failed to delete toy | {} (sid: hy5GWFR9tmaDA38rkJ9rUJNvV3VhyKWV)
3/12/2021, 10:48:57 PM - ERROR - Failed to delete toy | {} (sid: hy5GWFR9tmaDA38rkJ9rUJNvV3VhyKWV)
3/12/2021, 10:50:04 PM - ERROR - Failed to delete toy | {} (sid: hy5GWFR9tmaDA38rkJ9rUJNvV3VhyKWV)
3/12/2021, 10:50:28 PM - INFO - Server is running on port: 3031 | 15 | popo 
3/12/2021, 10:50:34 PM - ERROR - Failed to delete toy | {} (sid: WRs_IfoeyGphq0lLcSohHmJlmnvhhodl)
3/12/2021, 10:52:28 PM - INFO - Server is running on port: 3031 | 15 | popo 
3/12/2021, 10:52:30 PM - INFO - Server is running on port: 3031 | 15 | popo 
3/12/2021, 10:52:43 PM - ERROR - Failed to delete toy | {} (sid: 7sgUbIJEpLd_rxw2I3Rp_dOihoaDI8En)
3/12/2021, 10:53:12 PM - INFO - Server is running on port: 3031 | 15 | popo 
3/12/2021, 10:53:16 PM - ERROR - Failed to delete toy | {} (sid: 6rZDh8rlqs8fnKZ836u7_OQt2r960fGj)
3/12/2021, 10:53:25 PM - INFO - Server is running on port: 3031 | 15 | popo 
3/12/2021, 10:53:27 PM - ERROR - Failed to delete toy | {} (sid: Ph_OHmlpaTrgSrr6c_eIjZv8d2l5YNBg)
3/12/2021, 10:53:49 PM - INFO - Server is running on port: 3031 | 15 | popo 
3/12/2021, 10:55:18 PM - ERROR - Failed to get toy | {} (sid: maKZIWYP2RvbOeAhReZyZ876NLQnsXJx)
3/12/2021, 10:55:21 PM - ERROR - Failed to get toy | {} (sid: maKZIWYP2RvbOeAhReZyZ876NLQnsXJx)
3/12/2021, 10:55:34 PM - INFO - Server is running on port: 3031 | 15 | popo 
3/12/2021, 10:55:49 PM - INFO - Server is running on port: 3031 | 15 | popo 
3/12/2021, 10:57:01 PM - INFO - Server is running on port: 3031 | 15 | popo 
3/12/2021, 10:57:38 PM - INFO - Server is running on port: 3031 | 15 | popo 
3/12/2021, 10:57:43 PM - INFO - Server is running on port: 3031 | 15 | popo 
3/12/2021, 10:58:36 PM - INFO - Server is running on port: 3031 | 15 | popo 
3/12/2021, 11:01:58 PM - ERROR - Failed to update toy | {} (sid: Spx9SFcWJmojZ5hpWTfdM79PH3cC5opl)
3/12/2021, 11:01:58 PM - ERROR - Failed to update toy | {} (sid: Spx9SFcWJmojZ5hpWTfdM79PH3cC5opl)
3/12/2021, 11:02:27 PM - INFO - Server is running on port: 3031 | 15 | popo 
3/13/2021, 12:05:47 AM - INFO - Server is running on port: 3031 | 15 | popo 
3/13/2021, 12:07:16 AM - INFO - Server is running on port: 3031 | 15 | popo 
